{"/home/me/node/learning-node/tests/jest/utils.js": {"path":"/home/me/node/learning-node/tests/jest/utils.js","all":false,"statementMap":{"0":{"start":{"line":1,"column":0},"end":{"line":1,"column":29}},"1":{"start":{"line":2,"column":0},"end":{"line":2,"column":33}},"2":{"start":{"line":3,"column":0},"end":{"line":3,"column":34}}},"s":{"0":1,"1":1,"2":1},"branchMap":{"0":{"type":"branch","line":1,"loc":{"start":{"line":1,"column":17},"end":{"line":1,"column":29}},"locations":[{"start":{"line":1,"column":17},"end":{"line":1,"column":29}}]},"1":{"type":"branch","line":2,"loc":{"start":{"line":2,"column":22},"end":{"line":2,"column":33}},"locations":[{"start":{"line":2,"column":22},"end":{"line":2,"column":33}}]}},"b":{"0":[1],"1":[1]},"fnMap":{"0":{"name":"sum","decl":{"start":{"line":1,"column":17},"end":{"line":1,"column":29}},"loc":{"start":{"line":1,"column":17},"end":{"line":1,"column":29}},"line":1},"1":{"name":"multiply","decl":{"start":{"line":2,"column":22},"end":{"line":2,"column":33}},"loc":{"start":{"line":2,"column":22},"end":{"line":2,"column":33}},"line":2},"2":{"name":"substract","decl":{"start":{"line":3,"column":23},"end":{"line":3,"column":34}},"loc":{"start":{"line":3,"column":23},"end":{"line":3,"column":34}},"line":3}},"f":{"0":1,"1":1,"2":0}}
}
